<?xml version="1.0" encoding="UTF-8"?>
<coverage generated="1689287002928" clover="3.2.0">
  <project timestamp="1689287002930" name="All files">
    <metrics statements="108" coveredstatements="108" conditionals="29" coveredconditionals="29" methods="54" coveredmethods="54" elements="191" coveredelements="191" complexity="0" loc="108" ncloc="108" packages="14" files="28" classes="28"/>
    <package name="components.Footer">
      <metrics statements="5" coveredstatements="5" conditionals="0" coveredconditionals="0" methods="2" coveredmethods="2"/>
      <file name="index.jsx" path="D:\CURSO JAVA SCRIPT\udemy react\seção8\src\components\Footer\index.jsx">
        <metrics statements="3" coveredstatements="3" conditionals="0" coveredconditionals="0" methods="1" coveredmethods="1"/>
        <line num="6" count="1" type="stmt"/>
        <line num="7" count="1" type="stmt"/>
        <line num="16" count="1" type="stmt"/>
      </file>
      <file name="styles.js" path="D:\CURSO JAVA SCRIPT\udemy react\seção8\src\components\Footer\styles.js">
        <metrics statements="2" coveredstatements="2" conditionals="0" coveredconditionals="0" methods="1" coveredmethods="1"/>
        <line num="4" count="1" type="stmt"/>
        <line num="5" count="1" type="stmt"/>
      </file>
    </package>
    <package name="components.GridContent">
      <metrics statements="7" coveredstatements="7" conditionals="1" coveredconditionals="1" methods="3" coveredmethods="3"/>
      <file name="index.jsx" path="D:\CURSO JAVA SCRIPT\udemy react\seção8\src\components\GridContent\index.jsx">
        <metrics statements="3" coveredstatements="3" conditionals="1" coveredconditionals="1" methods="1" coveredmethods="1"/>
        <line num="7" count="1" type="cond" truecount="1" falsecount="0"/>
        <line num="8" count="2" type="stmt"/>
        <line num="22" count="1" type="stmt"/>
      </file>
      <file name="styles.js" path="D:\CURSO JAVA SCRIPT\udemy react\seção8\src\components\GridContent\styles.js">
        <metrics statements="4" coveredstatements="4" conditionals="0" coveredconditionals="0" methods="2" coveredmethods="2"/>
        <line num="4" count="1" type="stmt"/>
        <line num="5" count="2" type="stmt"/>
        <line num="12" count="1" type="stmt"/>
        <line num="13" count="2" type="stmt"/>
      </file>
    </package>
    <package name="components.GridImage">
      <metrics statements="12" coveredstatements="12" conditionals="2" coveredconditionals="2" methods="6" coveredmethods="6"/>
      <file name="index.jsx" path="D:\CURSO JAVA SCRIPT\udemy react\seção8\src\components\GridImage\index.jsx">
        <metrics statements="4" coveredstatements="4" conditionals="2" coveredconditionals="2" methods="2" coveredmethods="2"/>
        <line num="7" count="1" type="stmt"/>
        <line num="13" count="2" type="stmt"/>
        <line num="22" count="6" type="stmt"/>
        <line num="32" count="1" type="stmt"/>
      </file>
      <file name="styles.js" path="D:\CURSO JAVA SCRIPT\udemy react\seção8\src\components\GridImage\styles.js">
        <metrics statements="8" coveredstatements="8" conditionals="0" coveredconditionals="0" methods="4" coveredmethods="4"/>
        <line num="6" count="1" type="stmt"/>
        <line num="7" count="2" type="stmt"/>
        <line num="15" count="1" type="stmt"/>
        <line num="16" count="2" type="stmt"/>
        <line num="23" count="1" type="stmt"/>
        <line num="24" count="6" type="stmt"/>
        <line num="29" count="1" type="stmt"/>
        <line num="30" count="6" type="stmt"/>
      </file>
    </package>
    <package name="components.GridText">
      <metrics statements="10" coveredstatements="10" conditionals="1" coveredconditionals="1" methods="5" coveredmethods="5"/>
      <file name="index.jsx" path="D:\CURSO JAVA SCRIPT\udemy react\seção8\src\components\GridText\index.jsx">
        <metrics statements="4" coveredstatements="4" conditionals="1" coveredconditionals="1" methods="2" coveredmethods="2"/>
        <line num="7" count="1" type="cond" truecount="1" falsecount="0"/>
        <line num="8" count="2" type="stmt"/>
        <line num="17" count="6" type="stmt"/>
        <line num="30" count="1" type="stmt"/>
      </file>
      <file name="styles.js" path="D:\CURSO JAVA SCRIPT\udemy react\seção8\src\components\GridText\styles.js">
        <metrics statements="6" coveredstatements="6" conditionals="0" coveredconditionals="0" methods="3" coveredmethods="3"/>
        <line num="6" count="1" type="stmt"/>
        <line num="7" count="2" type="stmt"/>
        <line num="15" count="1" type="stmt"/>
        <line num="16" count="2" type="stmt"/>
        <line num="24" count="1" type="stmt"/>
        <line num="25" count="6" type="stmt"/>
      </file>
    </package>
    <package name="components.GridTwoColumn">
      <metrics statements="11" coveredstatements="11" conditionals="1" coveredconditionals="1" methods="5" coveredmethods="5"/>
      <file name="index.jsx" path="D:\CURSO JAVA SCRIPT\udemy react\seção8\src\components\GridTwoColumn\index.jsx">
        <metrics statements="3" coveredstatements="3" conditionals="1" coveredconditionals="1" methods="1" coveredmethods="1"/>
        <line num="7" count="1" type="cond" truecount="1" falsecount="0"/>
        <line num="8" count="1" type="stmt"/>
        <line num="26" count="1" type="stmt"/>
      </file>
      <file name="styles.js" path="D:\CURSO JAVA SCRIPT\udemy react\seção8\src\components\GridTwoColumn\styles.js">
        <metrics statements="8" coveredstatements="8" conditionals="0" coveredconditionals="0" methods="4" coveredmethods="4"/>
        <line num="5" count="1" type="stmt"/>
        <line num="6" count="1" type="stmt"/>
        <line num="22" count="1" type="stmt"/>
        <line num="23" count="1" type="stmt"/>
        <line num="32" count="1" type="stmt"/>
        <line num="33" count="1" type="stmt"/>
        <line num="35" count="1" type="stmt"/>
        <line num="36" count="1" type="stmt"/>
      </file>
    </package>
    <package name="components.Heading">
      <metrics statements="12" coveredstatements="12" conditionals="8" coveredconditionals="8" methods="8" coveredmethods="8"/>
      <file name="index.jsx" path="D:\CURSO JAVA SCRIPT\udemy react\seção8\src\components\Heading\index.jsx">
        <metrics statements="3" coveredstatements="3" conditionals="4" coveredconditionals="4" methods="1" coveredmethods="1"/>
        <line num="4" count="8" type="stmt"/>
        <line num="12" count="31" type="stmt"/>
        <line num="20" count="8" type="stmt"/>
      </file>
      <file name="styles.js" path="D:\CURSO JAVA SCRIPT\udemy react\seção8\src\components\Heading\styles.js">
        <metrics statements="9" coveredstatements="9" conditionals="4" coveredconditionals="4" methods="7" coveredmethods="7"/>
        <line num="3" count="8" type="stmt"/>
        <line num="4" count="9" type="stmt"/>
        <line num="7" count="7" type="stmt"/>
        <line num="11" count="1" type="stmt"/>
        <line num="14" count="14" type="stmt"/>
        <line num="20" count="31" type="stmt"/>
        <line num="24" count="8" type="stmt"/>
        <line num="25" count="31" type="stmt"/>
        <line num="32" count="14" type="stmt"/>
      </file>
    </package>
    <package name="components.LogoLink">
      <metrics statements="5" coveredstatements="5" conditionals="4" coveredconditionals="4" methods="2" coveredmethods="2"/>
      <file name="index.jsx" path="D:\CURSO JAVA SCRIPT\udemy react\seção8\src\components\LogoLink\index.jsx">
        <metrics statements="3" coveredstatements="3" conditionals="4" coveredconditionals="4" methods="1" coveredmethods="1"/>
        <line num="5" count="2" type="stmt"/>
        <line num="6" count="8" type="stmt"/>
        <line num="16" count="2" type="stmt"/>
      </file>
      <file name="styles.js" path="D:\CURSO JAVA SCRIPT\udemy react\seção8\src\components\LogoLink\styles.js">
        <metrics statements="2" coveredstatements="2" conditionals="0" coveredconditionals="0" methods="1" coveredmethods="1"/>
        <line num="4" count="2" type="stmt"/>
        <line num="5" count="8" type="stmt"/>
      </file>
    </package>
    <package name="components.Menu">
      <metrics statements="13" coveredstatements="13" conditionals="5" coveredconditionals="5" methods="8" coveredmethods="8"/>
      <file name="index.jsx" path="D:\CURSO JAVA SCRIPT\udemy react\seção8\src\components\Menu\index.jsx">
        <metrics statements="6" coveredstatements="6" conditionals="3" coveredconditionals="3" methods="4" coveredmethods="4"/>
        <line num="10" count="1" type="cond" truecount="1" falsecount="0"/>
        <line num="11" count="5" type="stmt"/>
        <line num="12" count="5" type="stmt"/>
        <line num="15" count="1" type="stmt"/>
        <line num="26" count="1" type="stmt"/>
        <line num="36" count="1" type="stmt"/>
      </file>
      <file name="styles.js" path="D:\CURSO JAVA SCRIPT\udemy react\seção8\src\components\Menu\styles.js">
        <metrics statements="7" coveredstatements="7" conditionals="2" coveredconditionals="2" methods="4" coveredmethods="4"/>
        <line num="7" count="1" type="stmt"/>
        <line num="12" count="1" type="stmt"/>
        <line num="13" count="5" type="stmt"/>
        <line num="54" count="1" type="stmt"/>
        <line num="55" count="5" type="stmt"/>
        <line num="69" count="1" type="stmt"/>
        <line num="70" count="5" type="stmt"/>
      </file>
    </package>
    <package name="components.MenuLink">
      <metrics statements="6" coveredstatements="6" conditionals="3" coveredconditionals="3" methods="2" coveredmethods="2"/>
      <file name="index.jsx" path="D:\CURSO JAVA SCRIPT\udemy react\seção8\src\components\MenuLink\index.jsx">
        <metrics statements="4" coveredstatements="4" conditionals="3" coveredconditionals="3" methods="1" coveredmethods="1"/>
        <line num="4" count="3" type="cond" truecount="1" falsecount="0"/>
        <line num="5" count="21" type="cond" truecount="2" falsecount="0"/>
        <line num="6" count="21" type="stmt"/>
        <line num="13" count="3" type="stmt"/>
      </file>
      <file name="styles.js" path="D:\CURSO JAVA SCRIPT\udemy react\seção8\src\components\MenuLink\styles.js">
        <metrics statements="2" coveredstatements="2" conditionals="0" coveredconditionals="0" methods="1" coveredmethods="1"/>
        <line num="3" count="3" type="stmt"/>
        <line num="4" count="21" type="stmt"/>
      </file>
    </package>
    <package name="components.NavLinks">
      <metrics statements="6" coveredstatements="6" conditionals="1" coveredconditionals="1" methods="3" coveredmethods="3"/>
      <file name="index.jsx" path="D:\CURSO JAVA SCRIPT\udemy react\seção8\src\components\NavLinks\index.jsx">
        <metrics statements="4" coveredstatements="4" conditionals="1" coveredconditionals="1" methods="2" coveredmethods="2"/>
        <line num="5" count="2" type="cond" truecount="1" falsecount="0"/>
        <line num="6" count="8" type="stmt"/>
        <line num="9" count="18" type="stmt"/>
        <line num="15" count="2" type="stmt"/>
      </file>
      <file name="styles.js" path="D:\CURSO JAVA SCRIPT\udemy react\seção8\src\components\NavLinks\styles.js">
        <metrics statements="2" coveredstatements="2" conditionals="0" coveredconditionals="0" methods="1" coveredmethods="1"/>
        <line num="4" count="2" type="stmt"/>
        <line num="5" count="8" type="stmt"/>
      </file>
    </package>
    <package name="components.SectionBackground">
      <metrics statements="6" coveredstatements="6" conditionals="3" coveredconditionals="3" methods="3" coveredmethods="3"/>
      <file name="index.jsx" path="D:\CURSO JAVA SCRIPT\udemy react\seção8\src\components\SectionBackground\index.jsx">
        <metrics statements="3" coveredstatements="3" conditionals="1" coveredconditionals="1" methods="1" coveredmethods="1"/>
        <line num="5" count="5" type="cond" truecount="1" falsecount="0"/>
        <line num="6" count="9" type="stmt"/>
        <line num="13" count="5" type="stmt"/>
      </file>
      <file name="styles.js" path="D:\CURSO JAVA SCRIPT\udemy react\seção8\src\components\SectionBackground\styles.js">
        <metrics statements="3" coveredstatements="3" conditionals="2" coveredconditionals="2" methods="2" coveredmethods="2"/>
        <line num="5" count="5" type="stmt"/>
        <line num="10" count="5" type="stmt"/>
        <line num="11" count="9" type="stmt"/>
      </file>
    </package>
    <package name="components.SectionContainer">
      <metrics statements="5" coveredstatements="5" conditionals="0" coveredconditionals="0" methods="2" coveredmethods="2"/>
      <file name="index.jsx" path="D:\CURSO JAVA SCRIPT\udemy react\seção8\src\components\SectionContainer\index.jsx">
        <metrics statements="3" coveredstatements="3" conditionals="0" coveredconditionals="0" methods="1" coveredmethods="1"/>
        <line num="4" count="8" type="stmt"/>
        <line num="5" count="16" type="stmt"/>
        <line num="8" count="8" type="stmt"/>
      </file>
      <file name="styles.js" path="D:\CURSO JAVA SCRIPT\udemy react\seção8\src\components\SectionContainer\styles.js">
        <metrics statements="2" coveredstatements="2" conditionals="0" coveredconditionals="0" methods="1" coveredmethods="1"/>
        <line num="4" count="8" type="stmt"/>
        <line num="5" count="16" type="stmt"/>
      </file>
    </package>
    <package name="components.TextComponent">
      <metrics statements="5" coveredstatements="5" conditionals="0" coveredconditionals="0" methods="2" coveredmethods="2"/>
      <file name="index.jsx" path="D:\CURSO JAVA SCRIPT\udemy react\seção8\src\components\TextComponent\index.jsx">
        <metrics statements="3" coveredstatements="3" conditionals="0" coveredconditionals="0" methods="1" coveredmethods="1"/>
        <line num="4" count="6" type="stmt"/>
        <line num="5" count="16" type="stmt"/>
        <line num="8" count="6" type="stmt"/>
      </file>
      <file name="styles.js" path="D:\CURSO JAVA SCRIPT\udemy react\seção8\src\components\TextComponent\styles.js">
        <metrics statements="2" coveredstatements="2" conditionals="0" coveredconditionals="0" methods="1" coveredmethods="1"/>
        <line num="3" count="6" type="stmt"/>
        <line num="4" count="16" type="stmt"/>
      </file>
    </package>
    <package name="templates.App">
      <metrics statements="5" coveredstatements="5" conditionals="0" coveredconditionals="0" methods="3" coveredmethods="3"/>
      <file name="index.jsx" path="D:\CURSO JAVA SCRIPT\udemy react\seção8\src\templates\App\index.jsx">
        <metrics statements="2" coveredstatements="2" conditionals="0" coveredconditionals="0" methods="1" coveredmethods="1"/>
        <line num="4" count="1" type="stmt"/>
        <line num="5" count="1" type="stmt"/>
      </file>
      <file name="styles.js" path="D:\CURSO JAVA SCRIPT\udemy react\seção8\src\templates\App\styles.js">
        <metrics statements="3" coveredstatements="3" conditionals="0" coveredconditionals="0" methods="2" coveredmethods="2"/>
        <line num="3" count="1" type="stmt"/>
        <line num="4" count="1" type="stmt"/>
        <line num="5" count="1" type="stmt"/>
      </file>
    </package>
  </project>
</coverage>
