{"D:\\CURSO JAVA SCRIPT\\udemy react\\seção8\\src\\components\\Heading\\index.jsx": {"path":"D:\\CURSO JAVA SCRIPT\\udemy react\\seção8\\src\\components\\Heading\\index.jsx","statementMap":{"0":{"start":{"line":4,"column":23},"end":{"line":18,"column":1}},"1":{"start":{"line":12,"column":2},"end":{"line":17,"column":4}},"2":{"start":{"line":20,"column":0},"end":{"line":27,"column":2}}},"fnMap":{"0":{"name":"(anonymous_0)","decl":{"start":{"line":4,"column":23},"end":{"line":4,"column":24}},"loc":{"start":{"line":11,"column":6},"end":{"line":18,"column":1}},"line":11}},"branchMap":{"0":{"loc":{"start":{"line":6,"column":2},"end":{"line":6,"column":18}},"type":"default-arg","locations":[{"start":{"line":6,"column":14},"end":{"line":6,"column":18}}],"line":6},"1":{"loc":{"start":{"line":7,"column":2},"end":{"line":7,"column":11}},"type":"default-arg","locations":[{"start":{"line":7,"column":7},"end":{"line":7,"column":11}}],"line":7},"2":{"loc":{"start":{"line":8,"column":2},"end":{"line":8,"column":15}},"type":"default-arg","locations":[{"start":{"line":8,"column":9},"end":{"line":8,"column":15}}],"line":8},"3":{"loc":{"start":{"line":9,"column":2},"end":{"line":9,"column":19}},"type":"default-arg","locations":[{"start":{"line":9,"column":14},"end":{"line":9,"column":19}}],"line":9}},"s":{"0":3,"1":13,"2":3},"f":{"0":13},"b":{"0":[11],"1":[12],"2":[6],"3":[9]},"_coverageSchema":"1a1c01bbd47fc00a2c39e90264f33305004495a9","hash":"86bd974bccfa860b6587d466ffb749b92c754734"}
,"D:\\CURSO JAVA SCRIPT\\udemy react\\seção8\\src\\components\\Heading\\styles.js": {"path":"D:\\CURSO JAVA SCRIPT\\udemy react\\seção8\\src\\components\\Heading\\styles.js","statementMap":{"0":{"start":{"line":3,"column":18},"end":{"line":18,"column":1}},"1":{"start":{"line":4,"column":20},"end":{"line":6,"column":3}},"2":{"start":{"line":7,"column":21},"end":{"line":9,"column":3}},"3":{"start":{"line":11,"column":20},"end":{"line":13,"column":3}},"4":{"start":{"line":14,"column":19},"end":{"line":17,"column":3}},"5":{"start":{"line":20,"column":18},"end":{"line":22,"column":1}},"6":{"start":{"line":20,"column":33},"end":{"line":22,"column":1}},"7":{"start":{"line":24,"column":21},"end":{"line":30,"column":1}},"8":{"start":{"line":25,"column":45},"end":{"line":29,"column":1}},"9":{"start":{"line":32,"column":18},"end":{"line":36,"column":1}},"10":{"start":{"line":32,"column":29},"end":{"line":36,"column":1}}},"fnMap":{"0":{"name":"(anonymous_0)","decl":{"start":{"line":4,"column":9},"end":{"line":4,"column":10}},"loc":{"start":{"line":4,"column":20},"end":{"line":6,"column":3}},"line":4},"1":{"name":"(anonymous_1)","decl":{"start":{"line":7,"column":10},"end":{"line":7,"column":11}},"loc":{"start":{"line":7,"column":21},"end":{"line":9,"column":3}},"line":7},"2":{"name":"(anonymous_2)","decl":{"start":{"line":11,"column":9},"end":{"line":11,"column":10}},"loc":{"start":{"line":11,"column":20},"end":{"line":13,"column":3}},"line":11},"3":{"name":"(anonymous_3)","decl":{"start":{"line":14,"column":8},"end":{"line":14,"column":9}},"loc":{"start":{"line":14,"column":19},"end":{"line":17,"column":3}},"line":14},"4":{"name":"(anonymous_4)","decl":{"start":{"line":20,"column":18},"end":{"line":20,"column":19}},"loc":{"start":{"line":20,"column":33},"end":{"line":22,"column":1}},"line":20},"5":{"name":"(anonymous_5)","decl":{"start":{"line":25,"column":2},"end":{"line":25,"column":3}},"loc":{"start":{"line":25,"column":45},"end":{"line":29,"column":1}},"line":25},"6":{"name":"(anonymous_6)","decl":{"start":{"line":32,"column":18},"end":{"line":32,"column":19}},"loc":{"start":{"line":32,"column":29},"end":{"line":36,"column":1}},"line":32}},"branchMap":{"0":{"loc":{"start":{"line":21,"column":17},"end":{"line":21,"column":49}},"type":"cond-expr","locations":[{"start":{"line":21,"column":29},"end":{"line":21,"column":40}},{"start":{"line":21,"column":43},"end":{"line":21,"column":49}}],"line":21},"1":{"loc":{"start":{"line":26,"column":8},"end":{"line":26,"column":66}},"type":"cond-expr","locations":[{"start":{"line":26,"column":20},"end":{"line":26,"column":45}},{"start":{"line":26,"column":48},"end":{"line":26,"column":66}}],"line":26}},"s":{"0":3,"1":4,"2":1,"3":1,"4":7,"5":3,"6":13,"7":3,"8":13,"9":3,"10":7},"f":{"0":4,"1":1,"2":1,"3":7,"4":13,"5":13,"6":7},"b":{"0":[4,9],"1":[12,1]},"_coverageSchema":"1a1c01bbd47fc00a2c39e90264f33305004495a9","hash":"e23db673df5d25f3bddc8adb0ecf9d75b6048a9c"}
,"D:\\CURSO JAVA SCRIPT\\udemy react\\seção8\\src\\components\\LogoLink\\index.jsx": {"path":"D:\\CURSO JAVA SCRIPT\\udemy react\\seção8\\src\\components\\LogoLink\\index.jsx","statementMap":{"0":{"start":{"line":5,"column":24},"end":{"line":14,"column":1}},"1":{"start":{"line":6,"column":2},"end":{"line":13,"column":4}},"2":{"start":{"line":16,"column":0},"end":{"line":20,"column":2}}},"fnMap":{"0":{"name":"(anonymous_0)","decl":{"start":{"line":5,"column":24},"end":{"line":5,"column":25}},"loc":{"start":{"line":5,"column":52},"end":{"line":14,"column":1}},"line":5}},"branchMap":{"0":{"loc":{"start":{"line":9,"column":9},"end":{"line":9,"column":52}},"type":"binary-expr","locations":[{"start":{"line":9,"column":9},"end":{"line":9,"column":17}},{"start":{"line":9,"column":21},"end":{"line":9,"column":52}}],"line":9},"1":{"loc":{"start":{"line":10,"column":9},"end":{"line":10,"column":24}},"type":"binary-expr","locations":[{"start":{"line":10,"column":9},"end":{"line":10,"column":16}},{"start":{"line":10,"column":20},"end":{"line":10,"column":24}}],"line":10}},"s":{"0":1,"1":3,"2":1},"f":{"0":3},"b":{"0":[3,2],"1":[3,1]},"_coverageSchema":"1a1c01bbd47fc00a2c39e90264f33305004495a9","hash":"bc93f505e7c636c368fa0d5f991fe98f7bd10b50"}
,"D:\\CURSO JAVA SCRIPT\\udemy react\\seção8\\src\\components\\LogoLink\\styles.js": {"path":"D:\\CURSO JAVA SCRIPT\\udemy react\\seção8\\src\\components\\LogoLink\\styles.js","statementMap":{"0":{"start":{"line":4,"column":25},"end":{"line":15,"column":1}},"1":{"start":{"line":5,"column":17},"end":{"line":14,"column":1}}},"fnMap":{"0":{"name":"(anonymous_0)","decl":{"start":{"line":5,"column":2},"end":{"line":5,"column":3}},"loc":{"start":{"line":5,"column":17},"end":{"line":14,"column":1}},"line":5}},"branchMap":{},"s":{"0":1,"1":3},"f":{"0":3},"b":{},"_coverageSchema":"1a1c01bbd47fc00a2c39e90264f33305004495a9","hash":"2a8ee31c76a1774731a6a03df3836a497d302694"}
,"D:\\CURSO JAVA SCRIPT\\udemy react\\seção8\\src\\components\\MenuLink\\index.jsx": {"path":"D:\\CURSO JAVA SCRIPT\\udemy react\\seção8\\src\\components\\MenuLink\\index.jsx","statementMap":{"0":{"start":{"line":4,"column":24},"end":{"line":11,"column":1}},"1":{"start":{"line":5,"column":17},"end":{"line":5,"column":44}},"2":{"start":{"line":6,"column":2},"end":{"line":10,"column":4}},"3":{"start":{"line":13,"column":0},"end":{"line":17,"column":2}}},"fnMap":{"0":{"name":"(anonymous_0)","decl":{"start":{"line":4,"column":24},"end":{"line":4,"column":25}},"loc":{"start":{"line":4,"column":64},"end":{"line":11,"column":1}},"line":4}},"branchMap":{"0":{"loc":{"start":{"line":4,"column":43},"end":{"line":4,"column":57}},"type":"default-arg","locations":[{"start":{"line":4,"column":52},"end":{"line":4,"column":57}}],"line":4},"1":{"loc":{"start":{"line":5,"column":17},"end":{"line":5,"column":44}},"type":"cond-expr","locations":[{"start":{"line":5,"column":26},"end":{"line":5,"column":34}},{"start":{"line":5,"column":37},"end":{"line":5,"column":44}}],"line":5}},"s":{"0":2,"1":9,"2":9,"3":2},"f":{"0":9},"b":{"0":[7],"1":[1,8]},"_coverageSchema":"1a1c01bbd47fc00a2c39e90264f33305004495a9","hash":"31432249b65a3ae0f9e38b4f7cd14a9414c8147b"}
,"D:\\CURSO JAVA SCRIPT\\udemy react\\seção8\\src\\components\\MenuLink\\styles.js": {"path":"D:\\CURSO JAVA SCRIPT\\udemy react\\seção8\\src\\components\\MenuLink\\styles.js","statementMap":{"0":{"start":{"line":3,"column":25},"end":{"line":28,"column":1}},"1":{"start":{"line":4,"column":17},"end":{"line":27,"column":1}}},"fnMap":{"0":{"name":"(anonymous_0)","decl":{"start":{"line":4,"column":2},"end":{"line":4,"column":3}},"loc":{"start":{"line":4,"column":17},"end":{"line":27,"column":1}},"line":4}},"branchMap":{},"s":{"0":2,"1":9},"f":{"0":9},"b":{},"_coverageSchema":"1a1c01bbd47fc00a2c39e90264f33305004495a9","hash":"53e0923824f693145044c0eb040ccfaa87a1f22a"}
,"D:\\CURSO JAVA SCRIPT\\udemy react\\seção8\\src\\components\\NavLinks\\index.jsx": {"path":"D:\\CURSO JAVA SCRIPT\\udemy react\\seção8\\src\\components\\NavLinks\\index.jsx","statementMap":{"0":{"start":{"line":5,"column":24},"end":{"line":13,"column":1}},"1":{"start":{"line":6,"column":2},"end":{"line":12,"column":4}},"2":{"start":{"line":9,"column":8},"end":{"line":9,"column":46}},"3":{"start":{"line":15,"column":0},"end":{"line":23,"column":2}}},"fnMap":{"0":{"name":"(anonymous_0)","decl":{"start":{"line":5,"column":24},"end":{"line":5,"column":25}},"loc":{"start":{"line":5,"column":44},"end":{"line":13,"column":1}},"line":5},"1":{"name":"(anonymous_1)","decl":{"start":{"line":8,"column":17},"end":{"line":8,"column":18}},"loc":{"start":{"line":9,"column":8},"end":{"line":9,"column":46}},"line":9}},"branchMap":{"0":{"loc":{"start":{"line":5,"column":27},"end":{"line":5,"column":37}},"type":"default-arg","locations":[{"start":{"line":5,"column":35},"end":{"line":5,"column":37}}],"line":5}},"s":{"0":1,"1":3,"2":6,"3":1},"f":{"0":3,"1":6},"b":{"0":[1]},"_coverageSchema":"1a1c01bbd47fc00a2c39e90264f33305004495a9","hash":"a2dafacd0a7839c128d6bb56ecc41facf5ac4d43"}
,"D:\\CURSO JAVA SCRIPT\\udemy react\\seção8\\src\\components\\NavLinks\\styles.js": {"path":"D:\\CURSO JAVA SCRIPT\\udemy react\\seção8\\src\\components\\NavLinks\\styles.js","statementMap":{"0":{"start":{"line":4,"column":25},"end":{"line":15,"column":1}},"1":{"start":{"line":5,"column":17},"end":{"line":14,"column":1}}},"fnMap":{"0":{"name":"(anonymous_0)","decl":{"start":{"line":5,"column":2},"end":{"line":5,"column":3}},"loc":{"start":{"line":5,"column":17},"end":{"line":14,"column":1}},"line":5}},"branchMap":{},"s":{"0":1,"1":3},"f":{"0":3},"b":{},"_coverageSchema":"1a1c01bbd47fc00a2c39e90264f33305004495a9","hash":"f6ec06e031b7f3e5928ddf27b18e97185d8f73da"}
,"D:\\CURSO JAVA SCRIPT\\udemy react\\seção8\\src\\components\\SectionBackground\\index.jsx": {"path":"D:\\CURSO JAVA SCRIPT\\udemy react\\seção8\\src\\components\\SectionBackground\\index.jsx","statementMap":{"0":{"start":{"line":5,"column":33},"end":{"line":11,"column":1}},"1":{"start":{"line":6,"column":2},"end":{"line":10,"column":4}},"2":{"start":{"line":13,"column":0},"end":{"line":16,"column":2}}},"fnMap":{"0":{"name":"(anonymous_0)","decl":{"start":{"line":5,"column":33},"end":{"line":5,"column":34}},"loc":{"start":{"line":5,"column":71},"end":{"line":11,"column":1}},"line":5}},"branchMap":{"0":{"loc":{"start":{"line":5,"column":46},"end":{"line":5,"column":64}},"type":"default-arg","locations":[{"start":{"line":5,"column":59},"end":{"line":5,"column":64}}],"line":5}},"s":{"0":1,"1":2,"2":1},"f":{"0":2},"b":{"0":[1]},"_coverageSchema":"1a1c01bbd47fc00a2c39e90264f33305004495a9","hash":"f94be76e51f73505563557635f3d5af299b11cde"}
,"D:\\CURSO JAVA SCRIPT\\udemy react\\seção8\\src\\components\\SectionBackground\\styles.js": {"path":"D:\\CURSO JAVA SCRIPT\\udemy react\\seção8\\src\\components\\SectionBackground\\styles.js","statementMap":{"0":{"start":{"line":5,"column":36},"end":{"line":8,"column":1}},"1":{"start":{"line":5,"column":47},"end":{"line":8,"column":1}},"2":{"start":{"line":10,"column":25},"end":{"line":21,"column":1}},"3":{"start":{"line":11,"column":29},"end":{"line":20,"column":1}}},"fnMap":{"0":{"name":"(anonymous_0)","decl":{"start":{"line":5,"column":36},"end":{"line":5,"column":37}},"loc":{"start":{"line":5,"column":47},"end":{"line":8,"column":1}},"line":5},"1":{"name":"(anonymous_1)","decl":{"start":{"line":11,"column":2},"end":{"line":11,"column":3}},"loc":{"start":{"line":11,"column":29},"end":{"line":20,"column":1}},"line":11}},"branchMap":{"0":{"loc":{"start":{"line":15,"column":2},"end":{"line":15,"column":50}},"type":"binary-expr","locations":[{"start":{"line":15,"column":2},"end":{"line":15,"column":12}},{"start":{"line":15,"column":16},"end":{"line":15,"column":50}}],"line":15}},"s":{"0":1,"1":1,"2":1,"3":2},"f":{"0":1,"1":2},"b":{"0":[2,1]},"_coverageSchema":"1a1c01bbd47fc00a2c39e90264f33305004495a9","hash":"b09c1405dbd64d8544919628620f81a2b146bc44"}
,"D:\\CURSO JAVA SCRIPT\\udemy react\\seção8\\src\\components\\SectionContainer\\index.jsx": {"path":"D:\\CURSO JAVA SCRIPT\\udemy react\\seção8\\src\\components\\SectionContainer\\index.jsx","statementMap":{"0":{"start":{"line":4,"column":32},"end":{"line":6,"column":1}},"1":{"start":{"line":5,"column":2},"end":{"line":5,"column":57}},"2":{"start":{"line":8,"column":0},"end":{"line":10,"column":2}}},"fnMap":{"0":{"name":"(anonymous_0)","decl":{"start":{"line":4,"column":32},"end":{"line":4,"column":33}},"loc":{"start":{"line":4,"column":50},"end":{"line":6,"column":1}},"line":4}},"branchMap":{},"s":{"0":2,"1":3,"2":2},"f":{"0":3},"b":{},"_coverageSchema":"1a1c01bbd47fc00a2c39e90264f33305004495a9","hash":"522e474820a4ffaef3eca6ab2bee37a447660bee"}
,"D:\\CURSO JAVA SCRIPT\\udemy react\\seção8\\src\\components\\SectionContainer\\styles.js": {"path":"D:\\CURSO JAVA SCRIPT\\udemy react\\seção8\\src\\components\\SectionContainer\\styles.js","statementMap":{"0":{"start":{"line":4,"column":25},"end":{"line":11,"column":1}},"1":{"start":{"line":5,"column":17},"end":{"line":10,"column":1}}},"fnMap":{"0":{"name":"(anonymous_0)","decl":{"start":{"line":5,"column":2},"end":{"line":5,"column":3}},"loc":{"start":{"line":5,"column":17},"end":{"line":10,"column":1}},"line":5}},"branchMap":{},"s":{"0":2,"1":3},"f":{"0":3},"b":{},"_coverageSchema":"1a1c01bbd47fc00a2c39e90264f33305004495a9","hash":"af9cc0f37579a2e090e368c306d60ea315a6e2ea"}
,"D:\\CURSO JAVA SCRIPT\\udemy react\\seção8\\src\\components\\TextComponent\\index.jsx": {"path":"D:\\CURSO JAVA SCRIPT\\udemy react\\seção8\\src\\components\\TextComponent\\index.jsx","statementMap":{"0":{"start":{"line":4,"column":29},"end":{"line":6,"column":1}},"1":{"start":{"line":5,"column":2},"end":{"line":5,"column":57}},"2":{"start":{"line":8,"column":0},"end":{"line":10,"column":2}}},"fnMap":{"0":{"name":"(anonymous_0)","decl":{"start":{"line":4,"column":29},"end":{"line":4,"column":30}},"loc":{"start":{"line":4,"column":47},"end":{"line":6,"column":1}},"line":4}},"branchMap":{},"s":{"0":1,"1":2,"2":1},"f":{"0":2},"b":{},"_coverageSchema":"1a1c01bbd47fc00a2c39e90264f33305004495a9","hash":"a1fa7ed459ff3e7125cbe42a5567853894b92cc3"}
,"D:\\CURSO JAVA SCRIPT\\udemy react\\seção8\\src\\components\\TextComponent\\styles.js": {"path":"D:\\CURSO JAVA SCRIPT\\udemy react\\seção8\\src\\components\\TextComponent\\styles.js","statementMap":{"0":{"start":{"line":3,"column":25},"end":{"line":7,"column":1}},"1":{"start":{"line":4,"column":17},"end":{"line":6,"column":1}}},"fnMap":{"0":{"name":"(anonymous_0)","decl":{"start":{"line":4,"column":2},"end":{"line":4,"column":3}},"loc":{"start":{"line":4,"column":17},"end":{"line":6,"column":1}},"line":4}},"branchMap":{},"s":{"0":1,"1":2},"f":{"0":2},"b":{},"_coverageSchema":"1a1c01bbd47fc00a2c39e90264f33305004495a9","hash":"6fd51d0edeeb7a210f89f00f536f6fb8329a1fad"}
,"D:\\CURSO JAVA SCRIPT\\udemy react\\seção8\\src\\templates\\App\\index.jsx": {"path":"D:\\CURSO JAVA SCRIPT\\udemy react\\seção8\\src\\templates\\App\\index.jsx","statementMap":{"0":{"start":{"line":4,"column":19},"end":{"line":11,"column":1}},"1":{"start":{"line":5,"column":2},"end":{"line":10,"column":4}}},"fnMap":{"0":{"name":"(anonymous_0)","decl":{"start":{"line":4,"column":19},"end":{"line":4,"column":20}},"loc":{"start":{"line":4,"column":25},"end":{"line":11,"column":1}},"line":4}},"branchMap":{},"s":{"0":1,"1":1},"f":{"0":1},"b":{},"_coverageSchema":"1a1c01bbd47fc00a2c39e90264f33305004495a9","hash":"531b36874a07f20c18ce13b24b0c6424515a2562"}
,"D:\\CURSO JAVA SCRIPT\\udemy react\\seção8\\src\\templates\\App\\styles.js": {"path":"D:\\CURSO JAVA SCRIPT\\udemy react\\seção8\\src\\templates\\App\\styles.js","statementMap":{"0":{"start":{"line":3,"column":18},"end":{"line":9,"column":1}},"1":{"start":{"line":4,"column":31},"end":{"line":4,"column":53}},"2":{"start":{"line":5,"column":15},"end":{"line":8,"column":3}}},"fnMap":{"0":{"name":"(anonymous_0)","decl":{"start":{"line":4,"column":16},"end":{"line":4,"column":17}},"loc":{"start":{"line":4,"column":31},"end":{"line":4,"column":53}},"line":4},"1":{"name":"(anonymous_1)","decl":{"start":{"line":5,"column":4},"end":{"line":5,"column":5}},"loc":{"start":{"line":5,"column":15},"end":{"line":8,"column":3}},"line":5}},"branchMap":{},"s":{"0":1,"1":1,"2":1},"f":{"0":1,"1":1},"b":{},"_coverageSchema":"1a1c01bbd47fc00a2c39e90264f33305004495a9","hash":"f1b77d60a41119db4a7cb21a1edd0e311e045783"}
}
