{"D:\\CURSO JAVA SCRIPT\\udemy react\\seção8\\src\\components\\GridContent\\index.jsx": {"path":"D:\\CURSO JAVA SCRIPT\\udemy react\\seção8\\src\\components\\GridContent\\index.jsx","statementMap":{"0":{"start":{"line":7,"column":27},"end":{"line":20,"column":1}},"1":{"start":{"line":8,"column":2},"end":{"line":19,"column":4}},"2":{"start":{"line":22,"column":0},"end":{"line":26,"column":2}}},"fnMap":{"0":{"name":"(anonymous_0)","decl":{"start":{"line":7,"column":27},"end":{"line":7,"column":28}},"loc":{"start":{"line":7,"column":68},"end":{"line":20,"column":1}},"line":7}},"branchMap":{"0":{"loc":{"start":{"line":7,"column":43},"end":{"line":7,"column":61}},"type":"default-arg","locations":[{"start":{"line":7,"column":56},"end":{"line":7,"column":61}}],"line":7}},"s":{"0":1,"1":2,"2":1},"f":{"0":2},"b":{"0":[1]},"_coverageSchema":"1a1c01bbd47fc00a2c39e90264f33305004495a9","hash":"b7c7cb272bc4c952ff9b683d46caf7dc86f92632"}
,"D:\\CURSO JAVA SCRIPT\\udemy react\\seção8\\src\\components\\GridContent\\styles.js": {"path":"D:\\CURSO JAVA SCRIPT\\udemy react\\seção8\\src\\components\\GridContent\\styles.js","statementMap":{"0":{"start":{"line":4,"column":25},"end":{"line":11,"column":1}},"1":{"start":{"line":5,"column":17},"end":{"line":10,"column":1}},"2":{"start":{"line":12,"column":20},"end":{"line":17,"column":1}},"3":{"start":{"line":13,"column":17},"end":{"line":16,"column":1}}},"fnMap":{"0":{"name":"(anonymous_0)","decl":{"start":{"line":5,"column":2},"end":{"line":5,"column":3}},"loc":{"start":{"line":5,"column":17},"end":{"line":10,"column":1}},"line":5},"1":{"name":"(anonymous_1)","decl":{"start":{"line":13,"column":2},"end":{"line":13,"column":3}},"loc":{"start":{"line":13,"column":17},"end":{"line":16,"column":1}},"line":13}},"branchMap":{},"s":{"0":1,"1":2,"2":1,"3":2},"f":{"0":2,"1":2},"b":{},"_coverageSchema":"1a1c01bbd47fc00a2c39e90264f33305004495a9","hash":"b46c8f269a29d3315b090ccf7dea058fec799b83"}
,"D:\\CURSO JAVA SCRIPT\\udemy react\\seção8\\src\\components\\GridImage\\index.jsx": {"path":"D:\\CURSO JAVA SCRIPT\\udemy react\\seção8\\src\\components\\GridImage\\index.jsx","statementMap":{"0":{"start":{"line":7,"column":25},"end":{"line":30,"column":1}},"1":{"start":{"line":13,"column":2},"end":{"line":29,"column":4}},"2":{"start":{"line":22,"column":12},"end":{"line":24,"column":33}},"3":{"start":{"line":32,"column":0},"end":{"line":42,"column":2}}},"fnMap":{"0":{"name":"(anonymous_0)","decl":{"start":{"line":7,"column":25},"end":{"line":7,"column":26}},"loc":{"start":{"line":12,"column":6},"end":{"line":30,"column":1}},"line":12},"1":{"name":"(anonymous_1)","decl":{"start":{"line":21,"column":20},"end":{"line":21,"column":21}},"loc":{"start":{"line":22,"column":12},"end":{"line":24,"column":33}},"line":22}},"branchMap":{"0":{"loc":{"start":{"line":10,"column":2},"end":{"line":10,"column":11}},"type":"default-arg","locations":[{"start":{"line":10,"column":9},"end":{"line":10,"column":11}}],"line":10},"1":{"loc":{"start":{"line":11,"column":2},"end":{"line":11,"column":20}},"type":"default-arg","locations":[{"start":{"line":11,"column":15},"end":{"line":11,"column":20}}],"line":11}},"s":{"0":1,"1":2,"2":6,"3":1},"f":{"0":2,"1":6},"b":{"0":[1],"1":[1]},"_coverageSchema":"1a1c01bbd47fc00a2c39e90264f33305004495a9","hash":"19a7078b08bf0407162a03176a8f67b06d57941f"}
,"D:\\CURSO JAVA SCRIPT\\udemy react\\seção8\\src\\components\\GridImage\\styles.js": {"path":"D:\\CURSO JAVA SCRIPT\\udemy react\\seção8\\src\\components\\GridImage\\styles.js","statementMap":{"0":{"start":{"line":6,"column":25},"end":{"line":13,"column":1}},"1":{"start":{"line":7,"column":17},"end":{"line":12,"column":1}},"2":{"start":{"line":15,"column":20},"end":{"line":22,"column":1}},"3":{"start":{"line":16,"column":17},"end":{"line":21,"column":1}},"4":{"start":{"line":23,"column":27},"end":{"line":28,"column":1}},"5":{"start":{"line":24,"column":17},"end":{"line":27,"column":1}},"6":{"start":{"line":29,"column":21},"end":{"line":37,"column":1}},"7":{"start":{"line":30,"column":17},"end":{"line":36,"column":1}}},"fnMap":{"0":{"name":"(anonymous_0)","decl":{"start":{"line":7,"column":2},"end":{"line":7,"column":3}},"loc":{"start":{"line":7,"column":17},"end":{"line":12,"column":1}},"line":7},"1":{"name":"(anonymous_1)","decl":{"start":{"line":16,"column":2},"end":{"line":16,"column":3}},"loc":{"start":{"line":16,"column":17},"end":{"line":21,"column":1}},"line":16},"2":{"name":"(anonymous_2)","decl":{"start":{"line":24,"column":2},"end":{"line":24,"column":3}},"loc":{"start":{"line":24,"column":17},"end":{"line":27,"column":1}},"line":24},"3":{"name":"(anonymous_3)","decl":{"start":{"line":30,"column":2},"end":{"line":30,"column":3}},"loc":{"start":{"line":30,"column":17},"end":{"line":36,"column":1}},"line":30}},"branchMap":{},"s":{"0":1,"1":2,"2":1,"3":2,"4":1,"5":6,"6":1,"7":6},"f":{"0":2,"1":2,"2":6,"3":6},"b":{},"_coverageSchema":"1a1c01bbd47fc00a2c39e90264f33305004495a9","hash":"90cececdd2b2fcc6d83fd6e754307802753e4b6d"}
,"D:\\CURSO JAVA SCRIPT\\udemy react\\seção8\\src\\components\\GridText\\index.jsx": {"path":"D:\\CURSO JAVA SCRIPT\\udemy react\\seção8\\src\\components\\GridText\\index.jsx","statementMap":{"0":{"start":{"line":7,"column":24},"end":{"line":28,"column":1}},"1":{"start":{"line":8,"column":2},"end":{"line":27,"column":4}},"2":{"start":{"line":17,"column":12},"end":{"line":22,"column":33}},"3":{"start":{"line":30,"column":0},"end":{"line":40,"column":2}}},"fnMap":{"0":{"name":"(anonymous_0)","decl":{"start":{"line":7,"column":24},"end":{"line":7,"column":25}},"loc":{"start":{"line":7,"column":78},"end":{"line":28,"column":1}},"line":7},"1":{"name":"(anonymous_1)","decl":{"start":{"line":16,"column":20},"end":{"line":16,"column":21}},"loc":{"start":{"line":17,"column":12},"end":{"line":22,"column":33}},"line":17}},"branchMap":{"0":{"loc":{"start":{"line":7,"column":27},"end":{"line":7,"column":45}},"type":"default-arg","locations":[{"start":{"line":7,"column":40},"end":{"line":7,"column":45}}],"line":7}},"s":{"0":1,"1":2,"2":6,"3":1},"f":{"0":2,"1":6},"b":{"0":[1]},"_coverageSchema":"1a1c01bbd47fc00a2c39e90264f33305004495a9","hash":"312a3fcb2fa62c9784ecb80280c0fb7e07913781"}
,"D:\\CURSO JAVA SCRIPT\\udemy react\\seção8\\src\\components\\GridText\\styles.js": {"path":"D:\\CURSO JAVA SCRIPT\\udemy react\\seção8\\src\\components\\GridText\\styles.js","statementMap":{"0":{"start":{"line":6,"column":25},"end":{"line":13,"column":1}},"1":{"start":{"line":7,"column":17},"end":{"line":12,"column":1}},"2":{"start":{"line":15,"column":20},"end":{"line":23,"column":1}},"3":{"start":{"line":16,"column":17},"end":{"line":22,"column":1}},"4":{"start":{"line":24,"column":27},"end":{"line":40,"column":1}},"5":{"start":{"line":25,"column":17},"end":{"line":39,"column":1}}},"fnMap":{"0":{"name":"(anonymous_0)","decl":{"start":{"line":7,"column":2},"end":{"line":7,"column":3}},"loc":{"start":{"line":7,"column":17},"end":{"line":12,"column":1}},"line":7},"1":{"name":"(anonymous_1)","decl":{"start":{"line":16,"column":2},"end":{"line":16,"column":3}},"loc":{"start":{"line":16,"column":17},"end":{"line":22,"column":1}},"line":16},"2":{"name":"(anonymous_2)","decl":{"start":{"line":25,"column":2},"end":{"line":25,"column":3}},"loc":{"start":{"line":25,"column":17},"end":{"line":39,"column":1}},"line":25}},"branchMap":{},"s":{"0":1,"1":2,"2":1,"3":2,"4":1,"5":6},"f":{"0":2,"1":2,"2":6},"b":{},"_coverageSchema":"1a1c01bbd47fc00a2c39e90264f33305004495a9","hash":"e94e0bc546b7e307560cb6ca5e8243419a8544ba"}
,"D:\\CURSO JAVA SCRIPT\\udemy react\\seção8\\src\\components\\GridTwoColumn\\index.jsx": {"path":"D:\\CURSO JAVA SCRIPT\\udemy react\\seção8\\src\\components\\GridTwoColumn\\index.jsx","statementMap":{"0":{"start":{"line":7,"column":29},"end":{"line":24,"column":1}},"1":{"start":{"line":8,"column":2},"end":{"line":23,"column":4}},"2":{"start":{"line":26,"column":0},"end":{"line":31,"column":2}}},"fnMap":{"0":{"name":"(anonymous_0)","decl":{"start":{"line":7,"column":29},"end":{"line":7,"column":30}},"loc":{"start":{"line":7,"column":78},"end":{"line":24,"column":1}},"line":7}},"branchMap":{"0":{"loc":{"start":{"line":7,"column":45},"end":{"line":7,"column":63}},"type":"default-arg","locations":[{"start":{"line":7,"column":58},"end":{"line":7,"column":63}}],"line":7}},"s":{"0":1,"1":1,"2":1},"f":{"0":1},"b":{"0":[1]},"_coverageSchema":"1a1c01bbd47fc00a2c39e90264f33305004495a9","hash":"c149296bfbf1fcf3b6613cce82b5406dc6b3cbe7"}
,"D:\\CURSO JAVA SCRIPT\\udemy react\\seção8\\src\\components\\GridTwoColumn\\styles.js": {"path":"D:\\CURSO JAVA SCRIPT\\udemy react\\seção8\\src\\components\\GridTwoColumn\\styles.js","statementMap":{"0":{"start":{"line":5,"column":25},"end":{"line":21,"column":1}},"1":{"start":{"line":6,"column":17},"end":{"line":20,"column":1}},"2":{"start":{"line":22,"column":29},"end":{"line":30,"column":1}},"3":{"start":{"line":23,"column":17},"end":{"line":29,"column":1}},"4":{"start":{"line":32,"column":30},"end":{"line":34,"column":1}},"5":{"start":{"line":33,"column":17},"end":{"line":33,"column":22}},"6":{"start":{"line":35,"column":21},"end":{"line":37,"column":1}},"7":{"start":{"line":36,"column":17},"end":{"line":36,"column":22}}},"fnMap":{"0":{"name":"(anonymous_0)","decl":{"start":{"line":6,"column":2},"end":{"line":6,"column":3}},"loc":{"start":{"line":6,"column":17},"end":{"line":20,"column":1}},"line":6},"1":{"name":"(anonymous_1)","decl":{"start":{"line":23,"column":2},"end":{"line":23,"column":3}},"loc":{"start":{"line":23,"column":17},"end":{"line":29,"column":1}},"line":23},"2":{"name":"(anonymous_2)","decl":{"start":{"line":33,"column":2},"end":{"line":33,"column":3}},"loc":{"start":{"line":33,"column":17},"end":{"line":33,"column":22}},"line":33},"3":{"name":"(anonymous_3)","decl":{"start":{"line":36,"column":2},"end":{"line":36,"column":3}},"loc":{"start":{"line":36,"column":17},"end":{"line":36,"column":22}},"line":36}},"branchMap":{},"s":{"0":1,"1":1,"2":1,"3":1,"4":1,"5":1,"6":1,"7":1},"f":{"0":1,"1":1,"2":1,"3":1},"b":{},"_coverageSchema":"1a1c01bbd47fc00a2c39e90264f33305004495a9","hash":"f1f05341a423527951ece7012174923589ead6d2"}
,"D:\\CURSO JAVA SCRIPT\\udemy react\\seção8\\src\\components\\Heading\\index.jsx": {"path":"D:\\CURSO JAVA SCRIPT\\udemy react\\seção8\\src\\components\\Heading\\index.jsx","statementMap":{"0":{"start":{"line":4,"column":23},"end":{"line":18,"column":1}},"1":{"start":{"line":12,"column":2},"end":{"line":17,"column":4}},"2":{"start":{"line":20,"column":0},"end":{"line":27,"column":2}}},"fnMap":{"0":{"name":"(anonymous_0)","decl":{"start":{"line":4,"column":23},"end":{"line":4,"column":24}},"loc":{"start":{"line":11,"column":6},"end":{"line":18,"column":1}},"line":11}},"branchMap":{"0":{"loc":{"start":{"line":6,"column":2},"end":{"line":6,"column":18}},"type":"default-arg","locations":[{"start":{"line":6,"column":14},"end":{"line":6,"column":18}}],"line":6},"1":{"loc":{"start":{"line":7,"column":2},"end":{"line":7,"column":11}},"type":"default-arg","locations":[{"start":{"line":7,"column":7},"end":{"line":7,"column":11}}],"line":7},"2":{"loc":{"start":{"line":8,"column":2},"end":{"line":8,"column":15}},"type":"default-arg","locations":[{"start":{"line":8,"column":9},"end":{"line":8,"column":15}}],"line":8},"3":{"loc":{"start":{"line":9,"column":2},"end":{"line":9,"column":19}},"type":"default-arg","locations":[{"start":{"line":9,"column":14},"end":{"line":9,"column":19}}],"line":9}},"s":{"0":8,"1":31,"2":8},"f":{"0":31},"b":{"0":[16],"1":[17],"2":[9],"3":[15]},"_coverageSchema":"1a1c01bbd47fc00a2c39e90264f33305004495a9","hash":"86bd974bccfa860b6587d466ffb749b92c754734"}
,"D:\\CURSO JAVA SCRIPT\\udemy react\\seção8\\src\\components\\Heading\\styles.js": {"path":"D:\\CURSO JAVA SCRIPT\\udemy react\\seção8\\src\\components\\Heading\\styles.js","statementMap":{"0":{"start":{"line":3,"column":18},"end":{"line":18,"column":1}},"1":{"start":{"line":4,"column":20},"end":{"line":6,"column":3}},"2":{"start":{"line":7,"column":21},"end":{"line":9,"column":3}},"3":{"start":{"line":11,"column":20},"end":{"line":13,"column":3}},"4":{"start":{"line":14,"column":19},"end":{"line":17,"column":3}},"5":{"start":{"line":20,"column":18},"end":{"line":22,"column":1}},"6":{"start":{"line":20,"column":33},"end":{"line":22,"column":1}},"7":{"start":{"line":24,"column":21},"end":{"line":30,"column":1}},"8":{"start":{"line":25,"column":45},"end":{"line":29,"column":1}},"9":{"start":{"line":32,"column":18},"end":{"line":36,"column":1}},"10":{"start":{"line":32,"column":29},"end":{"line":36,"column":1}}},"fnMap":{"0":{"name":"(anonymous_0)","decl":{"start":{"line":4,"column":9},"end":{"line":4,"column":10}},"loc":{"start":{"line":4,"column":20},"end":{"line":6,"column":3}},"line":4},"1":{"name":"(anonymous_1)","decl":{"start":{"line":7,"column":10},"end":{"line":7,"column":11}},"loc":{"start":{"line":7,"column":21},"end":{"line":9,"column":3}},"line":7},"2":{"name":"(anonymous_2)","decl":{"start":{"line":11,"column":9},"end":{"line":11,"column":10}},"loc":{"start":{"line":11,"column":20},"end":{"line":13,"column":3}},"line":11},"3":{"name":"(anonymous_3)","decl":{"start":{"line":14,"column":8},"end":{"line":14,"column":9}},"loc":{"start":{"line":14,"column":19},"end":{"line":17,"column":3}},"line":14},"4":{"name":"(anonymous_4)","decl":{"start":{"line":20,"column":18},"end":{"line":20,"column":19}},"loc":{"start":{"line":20,"column":33},"end":{"line":22,"column":1}},"line":20},"5":{"name":"(anonymous_5)","decl":{"start":{"line":25,"column":2},"end":{"line":25,"column":3}},"loc":{"start":{"line":25,"column":45},"end":{"line":29,"column":1}},"line":25},"6":{"name":"(anonymous_6)","decl":{"start":{"line":32,"column":18},"end":{"line":32,"column":19}},"loc":{"start":{"line":32,"column":29},"end":{"line":36,"column":1}},"line":32}},"branchMap":{"0":{"loc":{"start":{"line":21,"column":17},"end":{"line":21,"column":49}},"type":"cond-expr","locations":[{"start":{"line":21,"column":29},"end":{"line":21,"column":40}},{"start":{"line":21,"column":43},"end":{"line":21,"column":49}}],"line":21},"1":{"loc":{"start":{"line":26,"column":8},"end":{"line":26,"column":66}},"type":"cond-expr","locations":[{"start":{"line":26,"column":20},"end":{"line":26,"column":45}},{"start":{"line":26,"column":48},"end":{"line":26,"column":66}}],"line":26}},"s":{"0":8,"1":9,"2":7,"3":1,"4":14,"5":8,"6":31,"7":8,"8":31,"9":8,"10":14},"f":{"0":9,"1":7,"2":1,"3":14,"4":31,"5":31,"6":14},"b":{"0":[16,15],"1":[30,1]},"_coverageSchema":"1a1c01bbd47fc00a2c39e90264f33305004495a9","hash":"e23db673df5d25f3bddc8adb0ecf9d75b6048a9c"}
,"D:\\CURSO JAVA SCRIPT\\udemy react\\seção8\\src\\components\\LogoLink\\index.jsx": {"path":"D:\\CURSO JAVA SCRIPT\\udemy react\\seção8\\src\\components\\LogoLink\\index.jsx","statementMap":{"0":{"start":{"line":5,"column":24},"end":{"line":14,"column":1}},"1":{"start":{"line":6,"column":2},"end":{"line":13,"column":4}},"2":{"start":{"line":16,"column":0},"end":{"line":20,"column":2}}},"fnMap":{"0":{"name":"(anonymous_0)","decl":{"start":{"line":5,"column":24},"end":{"line":5,"column":25}},"loc":{"start":{"line":5,"column":52},"end":{"line":14,"column":1}},"line":5}},"branchMap":{"0":{"loc":{"start":{"line":9,"column":9},"end":{"line":9,"column":52}},"type":"binary-expr","locations":[{"start":{"line":9,"column":9},"end":{"line":9,"column":17}},{"start":{"line":9,"column":21},"end":{"line":9,"column":52}}],"line":9},"1":{"loc":{"start":{"line":10,"column":9},"end":{"line":10,"column":24}},"type":"binary-expr","locations":[{"start":{"line":10,"column":9},"end":{"line":10,"column":16}},{"start":{"line":10,"column":20},"end":{"line":10,"column":24}}],"line":10}},"s":{"0":2,"1":8,"2":2},"f":{"0":8},"b":{"0":[8,2],"1":[8,6]},"_coverageSchema":"1a1c01bbd47fc00a2c39e90264f33305004495a9","hash":"bc93f505e7c636c368fa0d5f991fe98f7bd10b50"}
,"D:\\CURSO JAVA SCRIPT\\udemy react\\seção8\\src\\components\\LogoLink\\styles.js": {"path":"D:\\CURSO JAVA SCRIPT\\udemy react\\seção8\\src\\components\\LogoLink\\styles.js","statementMap":{"0":{"start":{"line":4,"column":25},"end":{"line":15,"column":1}},"1":{"start":{"line":5,"column":17},"end":{"line":14,"column":1}}},"fnMap":{"0":{"name":"(anonymous_0)","decl":{"start":{"line":5,"column":2},"end":{"line":5,"column":3}},"loc":{"start":{"line":5,"column":17},"end":{"line":14,"column":1}},"line":5}},"branchMap":{},"s":{"0":2,"1":8},"f":{"0":8},"b":{},"_coverageSchema":"1a1c01bbd47fc00a2c39e90264f33305004495a9","hash":"2a8ee31c76a1774731a6a03df3836a497d302694"}
,"D:\\CURSO JAVA SCRIPT\\udemy react\\seção8\\src\\components\\Menu\\index.jsx": {"path":"D:\\CURSO JAVA SCRIPT\\udemy react\\seção8\\src\\components\\Menu\\index.jsx","statementMap":{"0":{"start":{"line":10,"column":20},"end":{"line":34,"column":1}},"1":{"start":{"line":11,"column":32},"end":{"line":11,"column":47}},"2":{"start":{"line":12,"column":2},"end":{"line":33,"column":4}},"3":{"start":{"line":15,"column":23},"end":{"line":15,"column":44}},"4":{"start":{"line":15,"column":41},"end":{"line":15,"column":43}},"5":{"start":{"line":26,"column":47},"end":{"line":26,"column":64}},"6":{"start":{"line":36,"column":0},"end":{"line":39,"column":2}}},"fnMap":{"0":{"name":"(anonymous_0)","decl":{"start":{"line":10,"column":20},"end":{"line":10,"column":21}},"loc":{"start":{"line":10,"column":50},"end":{"line":34,"column":1}},"line":10},"1":{"name":"(anonymous_1)","decl":{"start":{"line":15,"column":17},"end":{"line":15,"column":18}},"loc":{"start":{"line":15,"column":23},"end":{"line":15,"column":44}},"line":15},"2":{"name":"(anonymous_2)","decl":{"start":{"line":15,"column":34},"end":{"line":15,"column":35}},"loc":{"start":{"line":15,"column":41},"end":{"line":15,"column":43}},"line":15},"3":{"name":"(anonymous_3)","decl":{"start":{"line":26,"column":41},"end":{"line":26,"column":42}},"loc":{"start":{"line":26,"column":47},"end":{"line":26,"column":64}},"line":26}},"branchMap":{"0":{"loc":{"start":{"line":10,"column":23},"end":{"line":10,"column":33}},"type":"default-arg","locations":[{"start":{"line":10,"column":31},"end":{"line":10,"column":33}}],"line":10},"1":{"loc":{"start":{"line":18,"column":9},"end":{"line":22,"column":9}},"type":"cond-expr","locations":[{"start":{"line":19,"column":10},"end":{"line":19,"column":47}},{"start":{"line":21,"column":10},"end":{"line":21,"column":45}}],"line":18}},"s":{"0":1,"1":5,"2":5,"3":1,"4":1,"5":1,"6":1},"f":{"0":5,"1":1,"2":1,"3":1},"b":{"0":[1],"1":[1,4]},"_coverageSchema":"1a1c01bbd47fc00a2c39e90264f33305004495a9","hash":"f1bd856d8a7f58d300fbe74cf8f0287d3b35dfb5"}
,"D:\\CURSO JAVA SCRIPT\\udemy react\\seção8\\src\\components\\Menu\\styles.js": {"path":"D:\\CURSO JAVA SCRIPT\\udemy react\\seção8\\src\\components\\Menu\\styles.js","statementMap":{"0":{"start":{"line":7,"column":20},"end":{"line":10,"column":1}},"1":{"start":{"line":7,"column":31},"end":{"line":10,"column":1}},"2":{"start":{"line":12,"column":25},"end":{"line":52,"column":1}},"3":{"start":{"line":13,"column":26},"end":{"line":51,"column":1}},"4":{"start":{"line":54,"column":29},"end":{"line":67,"column":1}},"5":{"start":{"line":55,"column":17},"end":{"line":66,"column":1}},"6":{"start":{"line":69,"column":22},"end":{"line":94,"column":1}},"7":{"start":{"line":70,"column":28},"end":{"line":93,"column":3}}},"fnMap":{"0":{"name":"(anonymous_0)","decl":{"start":{"line":7,"column":20},"end":{"line":7,"column":21}},"loc":{"start":{"line":7,"column":31},"end":{"line":10,"column":1}},"line":7},"1":{"name":"(anonymous_1)","decl":{"start":{"line":13,"column":2},"end":{"line":13,"column":3}},"loc":{"start":{"line":13,"column":26},"end":{"line":51,"column":1}},"line":13},"2":{"name":"(anonymous_2)","decl":{"start":{"line":55,"column":2},"end":{"line":55,"column":3}},"loc":{"start":{"line":55,"column":17},"end":{"line":66,"column":1}},"line":55},"3":{"name":"(anonymous_3)","decl":{"start":{"line":70,"column":4},"end":{"line":70,"column":5}},"loc":{"start":{"line":70,"column":28},"end":{"line":93,"column":3}},"line":70}},"branchMap":{"0":{"loc":{"start":{"line":34,"column":4},"end":{"line":34,"column":33}},"type":"binary-expr","locations":[{"start":{"line":34,"column":4},"end":{"line":34,"column":11}},{"start":{"line":34,"column":15},"end":{"line":34,"column":33}}],"line":34}},"s":{"0":1,"1":1,"2":1,"3":5,"4":1,"5":5,"6":1,"7":5},"f":{"0":1,"1":5,"2":5,"3":5},"b":{"0":[5,1]},"_coverageSchema":"1a1c01bbd47fc00a2c39e90264f33305004495a9","hash":"c84b26ef340286c1a57531c86cc98b8db7c83c9b"}
,"D:\\CURSO JAVA SCRIPT\\udemy react\\seção8\\src\\components\\MenuLink\\index.jsx": {"path":"D:\\CURSO JAVA SCRIPT\\udemy react\\seção8\\src\\components\\MenuLink\\index.jsx","statementMap":{"0":{"start":{"line":4,"column":24},"end":{"line":11,"column":1}},"1":{"start":{"line":5,"column":17},"end":{"line":5,"column":44}},"2":{"start":{"line":6,"column":2},"end":{"line":10,"column":4}},"3":{"start":{"line":13,"column":0},"end":{"line":17,"column":2}}},"fnMap":{"0":{"name":"(anonymous_0)","decl":{"start":{"line":4,"column":24},"end":{"line":4,"column":25}},"loc":{"start":{"line":4,"column":64},"end":{"line":11,"column":1}},"line":4}},"branchMap":{"0":{"loc":{"start":{"line":4,"column":43},"end":{"line":4,"column":57}},"type":"default-arg","locations":[{"start":{"line":4,"column":52},"end":{"line":4,"column":57}}],"line":4},"1":{"loc":{"start":{"line":5,"column":17},"end":{"line":5,"column":44}},"type":"cond-expr","locations":[{"start":{"line":5,"column":26},"end":{"line":5,"column":34}},{"start":{"line":5,"column":37},"end":{"line":5,"column":44}}],"line":5}},"s":{"0":3,"1":21,"2":21,"3":3},"f":{"0":21},"b":{"0":[19],"1":[1,20]},"_coverageSchema":"1a1c01bbd47fc00a2c39e90264f33305004495a9","hash":"31432249b65a3ae0f9e38b4f7cd14a9414c8147b"}
,"D:\\CURSO JAVA SCRIPT\\udemy react\\seção8\\src\\components\\MenuLink\\styles.js": {"path":"D:\\CURSO JAVA SCRIPT\\udemy react\\seção8\\src\\components\\MenuLink\\styles.js","statementMap":{"0":{"start":{"line":3,"column":25},"end":{"line":28,"column":1}},"1":{"start":{"line":4,"column":17},"end":{"line":27,"column":1}}},"fnMap":{"0":{"name":"(anonymous_0)","decl":{"start":{"line":4,"column":2},"end":{"line":4,"column":3}},"loc":{"start":{"line":4,"column":17},"end":{"line":27,"column":1}},"line":4}},"branchMap":{},"s":{"0":3,"1":21},"f":{"0":21},"b":{},"_coverageSchema":"1a1c01bbd47fc00a2c39e90264f33305004495a9","hash":"53e0923824f693145044c0eb040ccfaa87a1f22a"}
,"D:\\CURSO JAVA SCRIPT\\udemy react\\seção8\\src\\components\\NavLinks\\index.jsx": {"path":"D:\\CURSO JAVA SCRIPT\\udemy react\\seção8\\src\\components\\NavLinks\\index.jsx","statementMap":{"0":{"start":{"line":5,"column":24},"end":{"line":13,"column":1}},"1":{"start":{"line":6,"column":2},"end":{"line":12,"column":4}},"2":{"start":{"line":9,"column":8},"end":{"line":9,"column":46}},"3":{"start":{"line":15,"column":0},"end":{"line":23,"column":2}}},"fnMap":{"0":{"name":"(anonymous_0)","decl":{"start":{"line":5,"column":24},"end":{"line":5,"column":25}},"loc":{"start":{"line":5,"column":44},"end":{"line":13,"column":1}},"line":5},"1":{"name":"(anonymous_1)","decl":{"start":{"line":8,"column":17},"end":{"line":8,"column":18}},"loc":{"start":{"line":9,"column":8},"end":{"line":9,"column":46}},"line":9}},"branchMap":{"0":{"loc":{"start":{"line":5,"column":27},"end":{"line":5,"column":37}},"type":"default-arg","locations":[{"start":{"line":5,"column":35},"end":{"line":5,"column":37}}],"line":5}},"s":{"0":2,"1":8,"2":18,"3":2},"f":{"0":8,"1":18},"b":{"0":[1]},"_coverageSchema":"1a1c01bbd47fc00a2c39e90264f33305004495a9","hash":"a2dafacd0a7839c128d6bb56ecc41facf5ac4d43"}
,"D:\\CURSO JAVA SCRIPT\\udemy react\\seção8\\src\\components\\NavLinks\\styles.js": {"path":"D:\\CURSO JAVA SCRIPT\\udemy react\\seção8\\src\\components\\NavLinks\\styles.js","statementMap":{"0":{"start":{"line":4,"column":25},"end":{"line":15,"column":1}},"1":{"start":{"line":5,"column":17},"end":{"line":14,"column":1}}},"fnMap":{"0":{"name":"(anonymous_0)","decl":{"start":{"line":5,"column":2},"end":{"line":5,"column":3}},"loc":{"start":{"line":5,"column":17},"end":{"line":14,"column":1}},"line":5}},"branchMap":{},"s":{"0":2,"1":8},"f":{"0":8},"b":{},"_coverageSchema":"1a1c01bbd47fc00a2c39e90264f33305004495a9","hash":"f6ec06e031b7f3e5928ddf27b18e97185d8f73da"}
,"D:\\CURSO JAVA SCRIPT\\udemy react\\seção8\\src\\components\\SectionBackground\\index.jsx": {"path":"D:\\CURSO JAVA SCRIPT\\udemy react\\seção8\\src\\components\\SectionBackground\\index.jsx","statementMap":{"0":{"start":{"line":5,"column":33},"end":{"line":11,"column":1}},"1":{"start":{"line":6,"column":2},"end":{"line":10,"column":4}},"2":{"start":{"line":13,"column":0},"end":{"line":16,"column":2}}},"fnMap":{"0":{"name":"(anonymous_0)","decl":{"start":{"line":5,"column":33},"end":{"line":5,"column":34}},"loc":{"start":{"line":5,"column":71},"end":{"line":11,"column":1}},"line":5}},"branchMap":{"0":{"loc":{"start":{"line":5,"column":46},"end":{"line":5,"column":64}},"type":"default-arg","locations":[{"start":{"line":5,"column":59},"end":{"line":5,"column":64}}],"line":5}},"s":{"0":5,"1":9,"2":5},"f":{"0":9},"b":{"0":[1]},"_coverageSchema":"1a1c01bbd47fc00a2c39e90264f33305004495a9","hash":"f94be76e51f73505563557635f3d5af299b11cde"}
,"D:\\CURSO JAVA SCRIPT\\udemy react\\seção8\\src\\components\\SectionBackground\\styles.js": {"path":"D:\\CURSO JAVA SCRIPT\\udemy react\\seção8\\src\\components\\SectionBackground\\styles.js","statementMap":{"0":{"start":{"line":5,"column":36},"end":{"line":8,"column":1}},"1":{"start":{"line":5,"column":47},"end":{"line":8,"column":1}},"2":{"start":{"line":10,"column":25},"end":{"line":21,"column":1}},"3":{"start":{"line":11,"column":29},"end":{"line":20,"column":1}}},"fnMap":{"0":{"name":"(anonymous_0)","decl":{"start":{"line":5,"column":36},"end":{"line":5,"column":37}},"loc":{"start":{"line":5,"column":47},"end":{"line":8,"column":1}},"line":5},"1":{"name":"(anonymous_1)","decl":{"start":{"line":11,"column":2},"end":{"line":11,"column":3}},"loc":{"start":{"line":11,"column":29},"end":{"line":20,"column":1}},"line":11}},"branchMap":{"0":{"loc":{"start":{"line":15,"column":2},"end":{"line":15,"column":50}},"type":"binary-expr","locations":[{"start":{"line":15,"column":2},"end":{"line":15,"column":12}},{"start":{"line":15,"column":16},"end":{"line":15,"column":50}}],"line":15}},"s":{"0":5,"1":1,"2":5,"3":9},"f":{"0":1,"1":9},"b":{"0":[9,1]},"_coverageSchema":"1a1c01bbd47fc00a2c39e90264f33305004495a9","hash":"b09c1405dbd64d8544919628620f81a2b146bc44"}
,"D:\\CURSO JAVA SCRIPT\\udemy react\\seção8\\src\\components\\SectionContainer\\index.jsx": {"path":"D:\\CURSO JAVA SCRIPT\\udemy react\\seção8\\src\\components\\SectionContainer\\index.jsx","statementMap":{"0":{"start":{"line":4,"column":32},"end":{"line":6,"column":1}},"1":{"start":{"line":5,"column":2},"end":{"line":5,"column":57}},"2":{"start":{"line":8,"column":0},"end":{"line":10,"column":2}}},"fnMap":{"0":{"name":"(anonymous_0)","decl":{"start":{"line":4,"column":32},"end":{"line":4,"column":33}},"loc":{"start":{"line":4,"column":50},"end":{"line":6,"column":1}},"line":4}},"branchMap":{},"s":{"0":7,"1":15,"2":7},"f":{"0":15},"b":{},"_coverageSchema":"1a1c01bbd47fc00a2c39e90264f33305004495a9","hash":"522e474820a4ffaef3eca6ab2bee37a447660bee"}
,"D:\\CURSO JAVA SCRIPT\\udemy react\\seção8\\src\\components\\SectionContainer\\styles.js": {"path":"D:\\CURSO JAVA SCRIPT\\udemy react\\seção8\\src\\components\\SectionContainer\\styles.js","statementMap":{"0":{"start":{"line":4,"column":25},"end":{"line":11,"column":1}},"1":{"start":{"line":5,"column":17},"end":{"line":10,"column":1}}},"fnMap":{"0":{"name":"(anonymous_0)","decl":{"start":{"line":5,"column":2},"end":{"line":5,"column":3}},"loc":{"start":{"line":5,"column":17},"end":{"line":10,"column":1}},"line":5}},"branchMap":{},"s":{"0":7,"1":15},"f":{"0":15},"b":{},"_coverageSchema":"1a1c01bbd47fc00a2c39e90264f33305004495a9","hash":"af9cc0f37579a2e090e368c306d60ea315a6e2ea"}
,"D:\\CURSO JAVA SCRIPT\\udemy react\\seção8\\src\\components\\TextComponent\\index.jsx": {"path":"D:\\CURSO JAVA SCRIPT\\udemy react\\seção8\\src\\components\\TextComponent\\index.jsx","statementMap":{"0":{"start":{"line":4,"column":29},"end":{"line":6,"column":1}},"1":{"start":{"line":5,"column":2},"end":{"line":5,"column":77}},"2":{"start":{"line":8,"column":0},"end":{"line":10,"column":2}}},"fnMap":{"0":{"name":"(anonymous_0)","decl":{"start":{"line":4,"column":29},"end":{"line":4,"column":30}},"loc":{"start":{"line":4,"column":47},"end":{"line":6,"column":1}},"line":4}},"branchMap":{},"s":{"0":5,"1":15,"2":5},"f":{"0":15},"b":{},"_coverageSchema":"1a1c01bbd47fc00a2c39e90264f33305004495a9","hash":"3c3944101a1d6142844bf59914892318a7269083"}
,"D:\\CURSO JAVA SCRIPT\\udemy react\\seção8\\src\\components\\TextComponent\\styles.js": {"path":"D:\\CURSO JAVA SCRIPT\\udemy react\\seção8\\src\\components\\TextComponent\\styles.js","statementMap":{"0":{"start":{"line":3,"column":25},"end":{"line":7,"column":1}},"1":{"start":{"line":4,"column":17},"end":{"line":6,"column":1}}},"fnMap":{"0":{"name":"(anonymous_0)","decl":{"start":{"line":4,"column":2},"end":{"line":4,"column":3}},"loc":{"start":{"line":4,"column":17},"end":{"line":6,"column":1}},"line":4}},"branchMap":{},"s":{"0":5,"1":15},"f":{"0":15},"b":{},"_coverageSchema":"1a1c01bbd47fc00a2c39e90264f33305004495a9","hash":"6fd51d0edeeb7a210f89f00f536f6fb8329a1fad"}
,"D:\\CURSO JAVA SCRIPT\\udemy react\\seção8\\src\\templates\\App\\index.jsx": {"path":"D:\\CURSO JAVA SCRIPT\\udemy react\\seção8\\src\\templates\\App\\index.jsx","statementMap":{"0":{"start":{"line":4,"column":19},"end":{"line":11,"column":1}},"1":{"start":{"line":5,"column":2},"end":{"line":10,"column":4}}},"fnMap":{"0":{"name":"(anonymous_0)","decl":{"start":{"line":4,"column":19},"end":{"line":4,"column":20}},"loc":{"start":{"line":4,"column":25},"end":{"line":11,"column":1}},"line":4}},"branchMap":{},"s":{"0":1,"1":1},"f":{"0":1},"b":{},"_coverageSchema":"1a1c01bbd47fc00a2c39e90264f33305004495a9","hash":"531b36874a07f20c18ce13b24b0c6424515a2562"}
,"D:\\CURSO JAVA SCRIPT\\udemy react\\seção8\\src\\templates\\App\\styles.js": {"path":"D:\\CURSO JAVA SCRIPT\\udemy react\\seção8\\src\\templates\\App\\styles.js","statementMap":{"0":{"start":{"line":3,"column":18},"end":{"line":9,"column":1}},"1":{"start":{"line":4,"column":31},"end":{"line":4,"column":53}},"2":{"start":{"line":5,"column":15},"end":{"line":8,"column":3}}},"fnMap":{"0":{"name":"(anonymous_0)","decl":{"start":{"line":4,"column":16},"end":{"line":4,"column":17}},"loc":{"start":{"line":4,"column":31},"end":{"line":4,"column":53}},"line":4},"1":{"name":"(anonymous_1)","decl":{"start":{"line":5,"column":4},"end":{"line":5,"column":5}},"loc":{"start":{"line":5,"column":15},"end":{"line":8,"column":3}},"line":5}},"branchMap":{},"s":{"0":1,"1":1,"2":1},"f":{"0":1,"1":1},"b":{},"_coverageSchema":"1a1c01bbd47fc00a2c39e90264f33305004495a9","hash":"f1b77d60a41119db4a7cb21a1edd0e311e045783"}
}
