TN:
SF:src\components\Footer\index.jsx
FN:6,(anonymous_0)
FNF:1
FNH:1
FNDA:3,(anonymous_0)
DA:6,3
DA:7,3
DA:16,3
LF:3
LH:3
BRF:0
BRH:0
end_of_record
TN:
SF:src\components\Footer\styles.js
FN:7,(anonymous_0)
FNF:1
FNH:1
FNDA:3,(anonymous_0)
DA:6,3
DA:7,3
LF:2
LH:2
BRF:0
BRH:0
end_of_record
TN:
SF:src\components\GoTop\index.jsx
FN:4,(anonymous_0)
FNF:1
FNH:1
FNDA:3,(anonymous_0)
DA:4,3
DA:5,3
LF:2
LH:2
BRF:0
BRH:0
end_of_record
TN:
SF:src\components\GoTop\styles.js
FN:5,(anonymous_0)
FNF:1
FNH:1
FNDA:3,(anonymous_0)
DA:4,3
DA:5,3
LF:2
LH:2
BRF:0
BRH:0
end_of_record
TN:
SF:src\components\GridContent\index.jsx
FN:7,(anonymous_0)
FNF:1
FNH:1
FNDA:2,(anonymous_0)
DA:7,1
DA:8,2
DA:22,1
LF:3
LH:3
BRDA:7,0,0,1
BRF:1
BRH:1
end_of_record
TN:
SF:src\components\GridContent\styles.js
FN:5,(anonymous_0)
FN:13,(anonymous_1)
FNF:2
FNH:2
FNDA:2,(anonymous_0)
FNDA:2,(anonymous_1)
DA:4,1
DA:5,2
DA:12,1
DA:13,2
LF:4
LH:4
BRF:0
BRH:0
end_of_record
TN:
SF:src\components\GridImage\index.jsx
FN:7,(anonymous_0)
FN:21,(anonymous_1)
FNF:2
FNH:2
FNDA:2,(anonymous_0)
FNDA:6,(anonymous_1)
DA:7,1
DA:13,2
DA:22,6
DA:32,1
LF:4
LH:4
BRDA:10,0,0,1
BRDA:11,1,0,1
BRF:2
BRH:2
end_of_record
TN:
SF:src\components\GridImage\styles.js
FN:7,(anonymous_0)
FN:16,(anonymous_1)
FN:24,(anonymous_2)
FN:30,(anonymous_3)
FNF:4
FNH:4
FNDA:2,(anonymous_0)
FNDA:2,(anonymous_1)
FNDA:6,(anonymous_2)
FNDA:6,(anonymous_3)
DA:6,1
DA:7,2
DA:15,1
DA:16,2
DA:23,1
DA:24,6
DA:29,1
DA:30,6
LF:8
LH:8
BRF:0
BRH:0
end_of_record
TN:
SF:src\components\GridText\index.jsx
FN:7,(anonymous_0)
FN:16,(anonymous_1)
FNF:2
FNH:2
FNDA:6,(anonymous_0)
FNDA:18,(anonymous_1)
DA:7,3
DA:8,6
DA:17,18
DA:30,3
LF:4
LH:4
BRDA:7,0,0,1
BRF:1
BRH:1
end_of_record
TN:
SF:src\components\GridText\styles.js
FN:7,(anonymous_0)
FN:15,(anonymous_1)
FN:30,(anonymous_2)
FNF:3
FNH:3
FNDA:6,(anonymous_0)
FNDA:6,(anonymous_1)
FNDA:18,(anonymous_2)
DA:6,3
DA:7,6
DA:14,3
DA:15,6
DA:29,3
DA:30,18
LF:6
LH:6
BRF:0
BRH:0
end_of_record
TN:
SF:src\components\GridTwoColumn\index.jsx
FN:7,(anonymous_0)
FNF:1
FNH:1
FNDA:1,(anonymous_0)
DA:7,1
DA:8,1
DA:26,1
LF:3
LH:3
BRDA:7,0,0,1
BRF:1
BRH:1
end_of_record
TN:
SF:src\components\GridTwoColumn\styles.js
FN:6,(anonymous_0)
FN:23,(anonymous_1)
FN:33,(anonymous_2)
FN:36,(anonymous_3)
FNF:4
FNH:4
FNDA:1,(anonymous_0)
FNDA:1,(anonymous_1)
FNDA:1,(anonymous_2)
FNDA:1,(anonymous_3)
DA:5,1
DA:6,1
DA:22,1
DA:23,1
DA:32,1
DA:33,1
DA:35,1
DA:36,1
LF:8
LH:8
BRF:0
BRH:0
end_of_record
TN:
SF:src\components\Heading\index.jsx
FN:4,(anonymous_0)
FNF:1
FNH:1
FNDA:48,(anonymous_0)
DA:4,9
DA:12,48
DA:20,9
LF:3
LH:3
BRDA:6,0,0,17
BRDA:7,1,0,18
BRDA:8,2,0,8
BRDA:9,3,0,26
BRF:4
BRH:4
end_of_record
TN:
SF:src\components\Heading\styles.js
FN:4,(anonymous_0)
FN:7,(anonymous_1)
FN:11,(anonymous_2)
FN:14,(anonymous_3)
FN:20,(anonymous_4)
FN:25,(anonymous_5)
FN:32,(anonymous_6)
FNF:7
FNH:7
FNDA:11,(anonymous_0)
FNDA:19,(anonymous_1)
FNDA:1,(anonymous_2)
FNDA:17,(anonymous_3)
FNDA:48,(anonymous_4)
FNDA:48,(anonymous_5)
FNDA:17,(anonymous_6)
DA:3,9
DA:4,11
DA:7,19
DA:11,1
DA:14,17
DA:20,48
DA:24,9
DA:25,48
DA:32,17
LF:9
LH:9
BRDA:21,0,0,22
BRDA:21,0,1,26
BRDA:26,1,0,39
BRDA:26,1,1,9
BRF:4
BRH:4
end_of_record
TN:
SF:src\components\LogoLink\index.jsx
FN:5,(anonymous_0)
FNF:1
FNH:1
FNDA:10,(anonymous_0)
DA:5,4
DA:6,10
DA:16,4
LF:3
LH:3
BRDA:9,0,0,10
BRDA:9,0,1,2
BRDA:10,1,0,10
BRDA:10,1,1,8
BRF:4
BRH:4
end_of_record
TN:
SF:src\components\LogoLink\styles.js
FN:5,(anonymous_0)
FNF:1
FNH:1
FNDA:10,(anonymous_0)
DA:4,4
DA:5,10
LF:2
LH:2
BRF:0
BRH:0
end_of_record
TN:
SF:src\components\Menu\index.jsx
FN:10,(anonymous_0)
FN:15,(anonymous_1)
FN:15,(anonymous_2)
FN:26,(anonymous_3)
FNF:4
FNH:4
FNDA:7,(anonymous_0)
FNDA:1,(anonymous_1)
FNDA:1,(anonymous_2)
FNDA:1,(anonymous_3)
DA:10,3
DA:11,7
DA:12,7
DA:15,1
DA:26,1
DA:36,3
LF:6
LH:6
BRDA:10,0,0,1
BRDA:18,1,0,1
BRDA:18,1,1,6
BRF:3
BRH:3
end_of_record
TN:
SF:src\components\Menu\styles.js
FN:7,(anonymous_0)
FN:13,(anonymous_1)
FN:55,(anonymous_2)
FN:70,(anonymous_3)
FNF:4
FNH:4
FNDA:1,(anonymous_0)
FNDA:7,(anonymous_1)
FNDA:7,(anonymous_2)
FNDA:7,(anonymous_3)
DA:7,3
DA:12,3
DA:13,7
DA:54,3
DA:55,7
DA:69,3
DA:70,7
LF:7
LH:7
BRDA:34,0,0,7
BRDA:34,0,1,1
BRF:2
BRH:2
end_of_record
TN:
SF:src\components\MenuLink\index.jsx
FN:4,(anonymous_0)
FNF:1
FNH:1
FNDA:24,(anonymous_0)
DA:4,5
DA:5,24
DA:6,24
DA:13,5
LF:4
LH:4
BRDA:4,0,0,22
BRDA:5,1,0,1
BRDA:5,1,1,23
BRF:3
BRH:3
end_of_record
TN:
SF:src\components\MenuLink\styles.js
FN:4,(anonymous_0)
FNF:1
FNH:1
FNDA:24,(anonymous_0)
DA:3,5
DA:4,24
LF:2
LH:2
BRF:0
BRH:0
end_of_record
TN:
SF:src\components\NavLinks\index.jsx
FN:5,(anonymous_0)
FN:8,(anonymous_1)
FNF:2
FNH:2
FNDA:10,(anonymous_0)
FNDA:21,(anonymous_1)
DA:5,4
DA:6,10
DA:9,21
DA:15,4
LF:4
LH:4
BRDA:5,0,0,1
BRF:1
BRH:1
end_of_record
TN:
SF:src\components\NavLinks\styles.js
FN:5,(anonymous_0)
FNF:1
FNH:1
FNDA:10,(anonymous_0)
DA:4,4
DA:5,10
LF:2
LH:2
BRF:0
BRH:0
end_of_record
TN:
SF:src\components\SectionBackground\index.jsx
FN:5,(anonymous_0)
FNF:1
FNH:1
FNDA:13,(anonymous_0)
DA:5,7
DA:6,13
DA:13,7
LF:3
LH:3
BRDA:5,0,0,1
BRF:1
BRH:1
end_of_record
TN:
SF:src\components\SectionBackground\styles.js
FN:5,(anonymous_0)
FN:11,(anonymous_1)
FNF:2
FNH:2
FNDA:3,(anonymous_0)
FNDA:13,(anonymous_1)
DA:5,7
DA:10,7
DA:11,13
LF:3
LH:3
BRDA:15,0,0,13
BRDA:15,0,1,3
BRF:2
BRH:2
end_of_record
TN:
SF:src\components\SectionContainer\index.jsx
FN:4,(anonymous_0)
FNF:1
FNH:1
FNDA:24,(anonymous_0)
DA:4,10
DA:5,24
DA:8,10
LF:3
LH:3
BRF:0
BRH:0
end_of_record
TN:
SF:src\components\SectionContainer\styles.js
FN:5,(anonymous_0)
FNF:1
FNH:1
FNDA:24,(anonymous_0)
DA:4,10
DA:5,24
LF:2
LH:2
BRF:0
BRH:0
end_of_record
TN:
SF:src\components\TextComponent\index.jsx
FN:4,(anonymous_0)
FNF:1
FNH:1
FNDA:34,(anonymous_0)
DA:4,8
DA:5,34
DA:8,8
LF:3
LH:3
BRF:0
BRH:0
end_of_record
TN:
SF:src\components\TextComponent\styles.js
FN:4,(anonymous_0)
FNF:1
FNH:1
FNDA:34,(anonymous_0)
DA:3,8
DA:4,34
LF:2
LH:2
BRF:0
BRH:0
end_of_record
TN:
SF:src\templates\App\index.jsx
FN:6,(anonymous_0)
FNF:1
FNH:1
FNDA:3,(anonymous_0)
DA:6,1
DA:7,3
DA:10,1
LF:3
LH:3
BRF:0
BRH:0
end_of_record
TN:
SF:src\templates\Base\index.jsx
FN:7,(anonymous_0)
FNF:1
FNH:1
FNDA:2,(anonymous_0)
DA:7,2
DA:8,2
DA:20,2
LF:3
LH:3
BRDA:7,0,0,1
BRF:1
BRH:1
end_of_record
TN:
SF:src\templates\Base\styles.js
FN:5,(anonymous_0)
FNF:1
FNH:1
FNDA:2,(anonymous_0)
DA:4,2
DA:5,2
LF:2
LH:2
BRF:0
BRH:0
end_of_record
