TN:
SF:src\main.jsx
FNF:0
FNH:0
DA:9,0
LF:1
LH:0
BRF:0
BRH:0
end_of_record
TN:
SF:src\components\Button\Button.stories.jsx
FNF:0
FNH:0
DA:14,0
DA:21,0
DA:27,0
DA:34,0
LF:4
LH:0
BRF:0
BRH:0
end_of_record
TN:
SF:src\components\Button\index.jsx
FN:9,(anonymous_0)
FNF:1
FNH:0
FNDA:0,(anonymous_0)
DA:9,0
DA:10,0
DA:13,0
DA:50,0
LF:4
LH:0
BRDA:10,0,0,0
BRDA:10,0,1,0
BRDA:19,1,0,0
BRDA:19,1,1,0
BRF:4
BRH:0
end_of_record
TN:
SF:src\components\Heading\Heading.stories.jsx
FN:21,(anonymous_0)
FN:22,(anonymous_1)
FNF:2
FNH:0
FNDA:0,(anonymous_0)
FNDA:0,(anonymous_1)
DA:21,0
DA:22,0
DA:23,0
DA:27,0
DA:32,0
LF:5
LH:0
BRF:0
BRH:0
end_of_record
TN:
SF:src\components\Heading\index.jsx
FN:4,(anonymous_0)
FNF:1
FNH:1
FNDA:10,(anonymous_0)
DA:4,2
DA:11,10
DA:18,2
LF:3
LH:3
BRDA:6,0,0,8
BRDA:7,1,0,9
BRDA:8,2,0,6
BRDA:9,3,0,9
BRF:4
BRH:4
end_of_record
TN:
SF:src\components\Heading\styles.js
FN:4,(anonymous_0)
FN:7,(anonymous_1)
FN:11,(anonymous_2)
FN:14,(anonymous_3)
FN:20,(anonymous_4)
FN:25,(anonymous_5)
FN:32,(anonymous_6)
FNF:7
FNH:7
FNDA:1,(anonymous_0)
FNDA:1,(anonymous_1)
FNDA:1,(anonymous_2)
FNDA:7,(anonymous_3)
FNDA:10,(anonymous_4)
FNDA:10,(anonymous_5)
FNDA:7,(anonymous_6)
DA:3,2
DA:4,1
DA:7,1
DA:11,1
DA:14,7
DA:20,10
DA:24,2
DA:25,10
DA:32,7
LF:9
LH:9
BRDA:21,0,0,1
BRDA:21,0,1,9
BRDA:26,1,0,9
BRDA:26,1,1,1
BRF:4
BRH:4
end_of_record
TN:
SF:src\templates\App\index.jsx
FN:4,(anonymous_0)
FNF:1
FNH:1
FNDA:1,(anonymous_0)
DA:4,1
DA:5,1
LF:2
LH:2
BRF:0
BRH:0
end_of_record
TN:
SF:src\templates\App\styles.js
FN:4,(anonymous_0)
FN:5,(anonymous_1)
FNF:2
FNH:2
FNDA:1,(anonymous_0)
FNDA:1,(anonymous_1)
DA:3,1
DA:4,1
DA:5,1
LF:3
LH:3
BRF:0
BRH:0
end_of_record
